[debug] [2024-06-24T16:11:36.914Z] ----------------------------------------------------------------------
[debug] [2024-06-24T16:11:36.919Z] Command:       /Users/teeakpata/.nvm/versions/node/v20.12.1/bin/node /Users/teeakpata/.nvm/versions/node/v20.12.1/bin/firebase init
[debug] [2024-06-24T16:11:36.919Z] CLI Version:   13.11.4
[debug] [2024-06-24T16:11:36.920Z] Platform:      darwin
[debug] [2024-06-24T16:11:36.920Z] Node Version:  v20.12.1
[debug] [2024-06-24T16:11:36.920Z] Time:          Mon Jun 24 2024 17:11:36 GMT+0100 (West Africa Standard Time)
[debug] [2024-06-24T16:11:36.920Z] ----------------------------------------------------------------------
[debug] 
[debug] [2024-06-24T16:11:36.930Z] > command requires scopes: ["email","openid","https://www.googleapis.com/auth/cloudplatformprojects.readonly","https://www.googleapis.com/auth/firebase","https://www.googleapis.com/auth/cloud-platform"]
[debug] [2024-06-24T16:11:36.931Z] > authorizing via signed-in user (akpata.thelma@gmail.com)
[info] 
     ######## #### ########  ######## ########     ###     ######  ########
     ##        ##  ##     ## ##       ##     ##  ##   ##  ##       ##
     ######    ##  ########  ######   ########  #########  ######  ######
     ##        ##  ##    ##  ##       ##     ## ##     ##       ## ##
     ##       #### ##     ## ######## ########  ##     ##  ######  ########

You're about to initialize a Firebase project in this directory:

  /Users/teeakpata/SOFTWARE PROJECTS/Chatterbox-app/chatterbox-app/src

[info] 
=== Project Setup
[info] 
[info] First, let's associate this project directory with a Firebase project.
[info] You can create multiple project aliases by running firebase use --add, 
[info] but for now we'll just set up a default project.
[info] 
[info] 
=== Database Setup
[info] 
[info] Firebase Realtime Database Security Rules allow you to define how your data should be
[info] structured and when your data can be read from and written to.
[info] 
